/home/yohyohyonyon/kaggle/kaggle-grasp-lift-eeg-detection/feature/plot/to_images.py:5: UserWarning: 
This call to matplotlib.use() has no effect because the backend has already
been chosen; matplotlib.use() must be called *before* pylab, matplotlib.pyplot,
or matplotlib.backends is imported for the first time.

The backend was *originally* set to 'Qt5Agg' by the following code:
  File "runner/image_plot/scripts/vgg16_pretrain_plot_window_750_stride_75.py", line 13, in <module>
    from feature.plot.plot_loader import PlotTrainValidDataSets, VGG16Transformers
  File "/home/yohyohyonyon/kaggle/kaggle-grasp-lift-eeg-detection/feature/plot/plot_loader.py", line 4, in <module>
    import skimage.io
  File "/opt/anaconda3/lib/python3.7/site-packages/skimage/io/__init__.py", line 15, in <module>
    reset_plugins()
  File "/opt/anaconda3/lib/python3.7/site-packages/skimage/io/manage_plugins.py", line 95, in reset_plugins
    _load_preferred_plugins()
  File "/opt/anaconda3/lib/python3.7/site-packages/skimage/io/manage_plugins.py", line 75, in _load_preferred_plugins
    _set_plugin(p_type, preferred_plugins['all'])
  File "/opt/anaconda3/lib/python3.7/site-packages/skimage/io/manage_plugins.py", line 87, in _set_plugin
    use_plugin(plugin, kind=plugin_type)
  File "/opt/anaconda3/lib/python3.7/site-packages/skimage/io/manage_plugins.py", line 258, in use_plugin
    _load(name)
  File "/opt/anaconda3/lib/python3.7/site-packages/skimage/io/manage_plugins.py", line 302, in _load
    fromlist=[modname])
  File "/opt/anaconda3/lib/python3.7/site-packages/skimage/io/_plugins/matplotlib_plugin.py", line 4, in <module>
    import matplotlib.pyplot as plt
  File "/opt/anaconda3/lib/python3.7/site-packages/matplotlib/pyplot.py", line 71, in <module>
    from matplotlib.backends import pylab_setup
  File "/opt/anaconda3/lib/python3.7/site-packages/matplotlib/backends/__init__.py", line 16, in <module>
    line for line in traceback.format_stack()


  mpl.use('Agg')
INFO:model.cnn:train with data size: 199262
INFO:model.cnn:valid with data size: 40501
  0%|          | 0/40 [00:00<?, ?it/s]INFO:model.cnn:training 1  / 40 epochs
INFO:model.cnn:******train loss at epoch 1: 0.2170675 :
INFO:model.cnn:******train score at epoch 1: 0.499 :
INFO:model.cnn:******valid loss at epoch 1: 0.1622467 :
INFO:model.cnn:******valid score at epoch 1: 0.460 :
INFO:model.cnn:validation score is improved from 0.000 to 0.460
INFO:model.cnn:Checkpoint saved
  2%|▎         | 1/40 [1:11:39<46:34:37, 4299.42s/it]INFO:model.cnn:training 2  / 40 epochs
INFO:model.cnn:******train loss at epoch 2: 0.1713377 :
INFO:model.cnn:******train score at epoch 2: 0.499 :
INFO:model.cnn:******valid loss at epoch 2: 0.1625203 :
INFO:model.cnn:******valid score at epoch 2: 0.491 :
INFO:model.cnn:validation score is improved from 0.460 to 0.491
INFO:model.cnn:Checkpoint saved
  5%|▌         | 2/40 [2:36:23<47:51:59, 4534.71s/it]INFO:model.cnn:training 3  / 40 epochs
INFO:model.cnn:******train loss at epoch 3: 0.1690398 :
INFO:model.cnn:******train score at epoch 3: 0.502 :
INFO:model.cnn:******valid loss at epoch 3: 0.1625579 :
INFO:model.cnn:******valid score at epoch 3: 0.500 :
INFO:model.cnn:validation score is improved from 0.491 to 0.500
INFO:model.cnn:Checkpoint saved
  8%|▊         | 3/40 [4:01:41<48:24:27, 4709.92s/it]INFO:model.cnn:training 4  / 40 epochs
INFO:model.cnn:******train loss at epoch 4: 0.1683271 :
INFO:model.cnn:******train score at epoch 4: 0.500 :
INFO:model.cnn:******valid loss at epoch 4: 0.1631384 :
INFO:model.cnn:******valid score at epoch 4: 0.500 :
 10%|█         | 4/40 [5:27:22<48:23:31, 4839.20s/it]INFO:model.cnn:training 5  / 40 epochs
INFO:model.cnn:******train loss at epoch 5: 115.5162343 :
INFO:model.cnn:******train score at epoch 5: 0.499 :
INFO:model.cnn:******valid loss at epoch 5: 0.1678614 :
INFO:model.cnn:******valid score at epoch 5: 0.545 :
INFO:model.cnn:validation score is improved from 0.500 to 0.545
INFO:model.cnn:Checkpoint saved
 12%|█▎        | 5/40 [6:48:59<47:12:52, 4856.35s/it]INFO:model.cnn:training 6  / 40 epochs
INFO:model.cnn:******train loss at epoch 6: 17.4761406 :
INFO:model.cnn:******train score at epoch 6: 0.499 :
INFO:model.cnn:******valid loss at epoch 6: 0.1752386 :
INFO:model.cnn:******valid score at epoch 6: 0.500 :
 15%|█▌        | 6/40 [8:09:56<45:52:04, 4856.61s/it]INFO:model.cnn:training 7  / 40 epochs
INFO:model.cnn:******train loss at epoch 7: 0.4216625 :
INFO:model.cnn:******train score at epoch 7: 0.501 :
INFO:model.cnn:******valid loss at epoch 7: 0.1633520 :
INFO:model.cnn:******valid score at epoch 7: 0.500 :
 18%|█▊        | 7/40 [9:30:55<44:31:28, 4857.23s/it]INFO:model.cnn:training 8  / 40 epochs
INFO:model.cnn:******train loss at epoch 8: 2246.5508518 :
INFO:model.cnn:******train score at epoch 8: 0.498 :
INFO:model.cnn:******valid loss at epoch 8: 0.1630134 :
INFO:model.cnn:******valid score at epoch 8: 0.500 :
 20%|██        | 8/40 [10:51:50<43:10:12, 4856.63s/it]INFO:model.cnn:training 9  / 40 epochs
